2026-07-19 10:19:58,046 WARNING Quelle 'huurwoningen' nicht erreichbar: 403 Client Error: Forbidden for url: https://www.huurwoningen.nl/en/in/maastricht/
2026-07-19 10:19:58,880 INFO kamernet: 17 Listings im HTML
2026-07-19 10:19:58,881 INFO kamernet: 17 Listings nach Filterung
2026-07-19 10:19:58,897 INFO Quelle 'kamernet': 17 Treffer, 17 neu (Baseline, still gespeichert)
2026-07-19 10:20:01,841 INFO mghousing: API lieferte 44 Objekte
2026-07-19 10:20:01,841 INFO mghousing: 10 Objekte nach Filterung
2026-07-19 10:20:01,852 INFO Quelle 'mghousing': 10 Treffer, 10 neu (Baseline, still gespeichert)
2026-07-19 10:20:21,889 WARNING Quelle 'wmm' nicht erreichbar: HTTPSConnectionPool(host='wmm.nl', port=443): Max retries exceeded with url: /en/offers (Caused by ConnectTimeoutError(<HTTPSConnection(host='wmm.nl', port=443) at 0x7f6762753170>, 'Connection to wmm.nl timed out. (connect timeout=20)'))
2026-07-19 10:20:22,536 INFO maasland: 7 Angebote
2026-07-19 10:20:22,544 INFO Quelle 'maasland': 7 Treffer, 7 neu (Baseline, still gespeichert)
2026-07-19 10:20:23,311 INFO immoweb: 47 Angebote
2026-07-19 10:20:23,353 INFO Quelle 'immoweb': 47 Treffer, 47 neu (Baseline, still gespeichert)
2026-07-19 10:20:23,353 INFO Lauf beendet: 81 Treffer gesamt, 81 neu gesamt
2026-07-19 11:34:32,748 WARNING Quelle 'huurwoningen' nicht erreichbar: 403 Client Error: Forbidden for url: https://www.huurwoningen.nl/en/in/maastricht/
2026-07-19 11:34:33,895 INFO kamernet: 17 Listings im HTML
2026-07-19 11:34:33,895 INFO kamernet: 17 Listings nach Filterung
2026-07-19 11:34:33,896 INFO Quelle 'kamernet': 17 Treffer, 0 neu
2026-07-19 11:34:38,343 INFO mghousing: API lieferte 44 Objekte
2026-07-19 11:34:38,343 INFO mghousing: 10 Objekte nach Filterung
2026-07-19 11:34:38,346 INFO Quelle 'mghousing': 10 Treffer, 0 neu
2026-07-19 11:34:39,175 INFO wmm: 10 Angebote
2026-07-19 11:34:39,458 INFO Quelle 'wmm': 10 Treffer, 10 neu (Baseline, still gespeichert)
2026-07-19 11:34:40,082 INFO maasland: 7 Angebote
2026-07-19 11:34:40,082 INFO Quelle 'maasland': 7 Treffer, 0 neu
2026-07-19 11:34:41,100 INFO immoweb: 47 Angebote
2026-07-19 11:34:43,544 INFO Gesendet: Goethalsstraat, 8620 Nieuwpoort | €890 p.m. | https://www.immoweb.be/en/classified/21721156
2026-07-19 11:34:43,545 INFO Quelle 'immoweb': 47 Treffer, 1 neu
2026-07-19 11:34:43,545 INFO Lauf beendet: 91 Treffer gesamt, 11 neu gesamt
2026-07-19 12:34:11,466 WARNING Quelle 'huurwoningen' nicht erreichbar: 403 Client Error: Forbidden for url: https://www.huurwoningen.nl/en/in/maastricht/
2026-07-19 12:34:12,757 INFO kamernet: 17 Listings im HTML
2026-07-19 12:34:12,757 INFO kamernet: 17 Listings nach Filterung
2026-07-19 12:34:14,639 INFO Gesendet: Tongerseweg, Maastricht | €395 p.m. | https://kamernet.nl/en/for-rent/room-maastricht/tongerseweg/room-2391290
2026-07-19 12:34:14,639 INFO Quelle 'kamernet': 17 Treffer, 1 neu
2026-07-19 12:34:17,528 INFO mghousing: API lieferte 44 Objekte
2026-07-19 12:34:17,528 INFO mghousing: 10 Objekte nach Filterung
2026-07-19 12:34:17,531 INFO Quelle 'mghousing': 10 Treffer, 0 neu
2026-07-19 12:34:37,570 WARNING Quelle 'wmm' nicht erreichbar: HTTPSConnectionPool(host='wmm.nl', port=443): Max retries exceeded with url: /en/offers (Caused by ConnectTimeoutError(<HTTPSConnection(host='wmm.nl', port=443) at 0x7fbc234c7ad0>, 'Connection to wmm.nl timed out. (connect timeout=20)'))
2026-07-19 12:34:38,025 INFO maasland: 7 Angebote
2026-07-19 12:34:38,025 INFO Quelle 'maasland': 7 Treffer, 0 neu
2026-07-19 12:34:39,008 INFO immoweb: 40 Angebote
2026-07-19 12:34:39,045 INFO Quelle 'immoweb': 40 Treffer, 40 neu (Baseline, still gespeichert)
2026-07-19 12:34:39,045 INFO Lauf beendet: 74 Treffer gesamt, 41 neu gesamt
2026-07-19 14:09:34,923 WARNING Quelle 'huurwoningen' nicht erreichbar: 403 Client Error: Forbidden for url: https://www.huurwoningen.nl/en/in/maastricht/
2026-07-19 14:09:36,757 INFO kamernet: 17 Listings im HTML
2026-07-19 14:09:36,758 INFO kamernet: 17 Listings nach Filterung
2026-07-19 14:09:36,758 INFO Quelle 'kamernet': 17 Treffer, 0 neu
2026-07-19 14:09:39,237 INFO mghousing: API lieferte 44 Objekte
2026-07-19 14:09:39,237 INFO mghousing: 10 Objekte nach Filterung
2026-07-19 14:09:39,239 INFO Quelle 'mghousing': 10 Treffer, 0 neu
2026-07-19 14:09:59,275 WARNING Quelle 'wmm' nicht erreichbar: HTTPSConnectionPool(host='wmm.nl', port=443): Max retries exceeded with url: /en/offers (Caused by ConnectTimeoutError(<HTTPSConnection(host='wmm.nl', port=443) at 0x7f5ba6023ce0>, 'Connection to wmm.nl timed out. (connect timeout=20)'))
2026-07-19 14:09:59,763 INFO maasland: 7 Angebote
2026-07-19 14:09:59,763 INFO Quelle 'maasland': 7 Treffer, 0 neu
2026-07-19 14:10:00,833 INFO immoweb: 40 Angebote
2026-07-19 14:10:00,833 INFO Quelle 'immoweb': 40 Treffer, 0 neu
2026-07-19 14:10:00,833 INFO Lauf beendet: 74 Treffer gesamt, 0 neu gesamt
